25-08-10 15:19:49.444 [main] INFO  c.h.journalApp.JournalAppApplication - Starting JournalAppApplication using Java 22.0.1 with PID 13919 (/home/abhimehtaa/Documents/harshit documents/journalApp/target/classes started by abhimehtaa in /home/abhimehtaa/Documents/harshit documents/journalApp) 
25-08-10 15:19:49.447 [main] INFO  c.h.journalApp.JournalAppApplication - No active profile set, falling back to 1 default profile: "default" 
25-08-10 15:19:49.448 [main] DEBUG o.s.boot.SpringApplication - Loading source class com.harshit.journalApp.JournalAppApplication 
25-08-10 15:19:50.042 [main] INFO  o.s.d.r.c.RepositoryConfigurationDelegate - Multiple Spring Data modules found, entering strict repository configuration mode 
25-08-10 15:19:50.043 [main] INFO  o.s.d.r.c.RepositoryConfigurationDelegate - Bootstrapping Spring Data MongoDB repositories in DEFAULT mode. 
25-08-10 15:19:50.139 [main] INFO  o.s.d.r.c.RepositoryConfigurationDelegate - Finished Spring Data repository scanning in 92 ms. Found 3 MongoDB repository interfaces. 
25-08-10 15:19:50.153 [main] INFO  o.s.d.r.c.RepositoryConfigurationDelegate - Multiple Spring Data modules found, entering strict repository configuration mode 
25-08-10 15:19:50.154 [main] INFO  o.s.d.r.c.RepositoryConfigurationDelegate - Bootstrapping Spring Data Redis repositories in DEFAULT mode. 
25-08-10 15:19:50.163 [main] INFO  o.s.d.r.c.RepositoryConfigurationExtensionSupport - Spring Data Redis - Could not safely identify store assignment for repository candidate interface com.harshit.journalApp.repository.ConfigJournalAppRepository; If you want this repository to be a Redis repository, consider annotating your entities with one of these annotations: org.springframework.data.redis.core.RedisHash (preferred), or consider extending one of the following types with your repository: org.springframework.data.keyvalue.repository.KeyValueRepository 
25-08-10 15:19:50.163 [main] INFO  o.s.d.r.c.RepositoryConfigurationExtensionSupport - Spring Data Redis - Could not safely identify store assignment for repository candidate interface com.harshit.journalApp.repository.UserRepository; If you want this repository to be a Redis repository, consider annotating your entities with one of these annotations: org.springframework.data.redis.core.RedisHash (preferred), or consider extending one of the following types with your repository: org.springframework.data.keyvalue.repository.KeyValueRepository 
25-08-10 15:19:50.164 [main] INFO  o.s.d.r.c.RepositoryConfigurationExtensionSupport - Spring Data Redis - Could not safely identify store assignment for repository candidate interface com.harshit.journalApp.repository.journalEntryRepository; If you want this repository to be a Redis repository, consider annotating your entities with one of these annotations: org.springframework.data.redis.core.RedisHash (preferred), or consider extending one of the following types with your repository: org.springframework.data.keyvalue.repository.KeyValueRepository 
25-08-10 15:19:50.164 [main] INFO  o.s.d.r.c.RepositoryConfigurationDelegate - Finished Spring Data repository scanning in 5 ms. Found 0 Redis repository interfaces. 
25-08-10 15:19:50.634 [main] INFO  o.s.b.w.e.tomcat.TomcatWebServer - Tomcat initialized with port 8080 (http) 
25-08-10 15:19:50.644 [main] INFO  o.a.coyote.http11.Http11NioProtocol - Initializing ProtocolHandler ["http-nio-8080"] 
25-08-10 15:19:50.645 [main] INFO  o.a.catalina.core.StandardService - Starting service [Tomcat] 
25-08-10 15:19:50.645 [main] INFO  o.a.catalina.core.StandardEngine - Starting Servlet engine: [Apache Tomcat/10.1.39] 
25-08-10 15:19:50.678 [main] INFO  o.a.c.c.C.[Tomcat].[localhost].[/] - Initializing Spring embedded WebApplicationContext 
25-08-10 15:19:50.679 [main] INFO  o.s.b.w.s.c.ServletWebServerApplicationContext - Root WebApplicationContext: initialization completed in 1162 ms 
25-08-10 15:19:50.983 [main] INFO  org.mongodb.driver.client - MongoClient with metadata {"application": {"name": "Cluster0"}, "driver": {"name": "mongo-java-driver|sync|spring-boot", "version": "5.0.1"}, "os": {"type": "Linux", "name": "Linux", "architecture": "amd64", "version": "6.14.5-100.fc40.x86_64"}, "platform": "Java/Oracle Corporation/22.0.1+8-16"} created with settings MongoClientSettings{readPreference=primary, writeConcern=WriteConcern{w=majority, wTimeout=null ms, journal=null}, retryWrites=true, retryReads=true, readConcern=ReadConcern{level=null}, credential=MongoCredential{mechanism=null, userName='anandmehtaa339', source='admin', password=<hidden>, mechanismProperties=<hidden>}, transportSettings=null, commandListeners=[], codecRegistry=ProvidersCodecRegistry{codecProviders=[ValueCodecProvider{}, BsonValueCodecProvider{}, DBRefCodecProvider{}, DBObjectCodecProvider{}, DocumentCodecProvider{}, CollectionCodecProvider{}, IterableCodecProvider{}, MapCodecProvider{}, GeoJsonCodecProvider{}, GridFSFileCodecProvider{}, Jsr310CodecProvider{}, JsonObjectCodecProvider{}, BsonCodecProvider{}, EnumCodecProvider{}, com.mongodb.client.model.mql.ExpressionCodecProvider@251d7fdd, com.mongodb.Jep395RecordCodecProvider@78e68401, com.mongodb.KotlinCodecProvider@391515c7]}, loggerSettings=LoggerSettings{maxDocumentLength=1000}, clusterSettings={hosts=[127.0.0.1:27017], srvHost=cluster0.nvxkqxr.mongodb.net, srvServiceName=mongodb, mode=MULTIPLE, requiredClusterType=REPLICA_SET, requiredReplicaSetName='atlas-pf2zu3-shard-0', serverSelector='null', clusterListeners='[]', serverSelectionTimeout='30000 ms', localThreshold='15 ms'}, socketSettings=SocketSettings{connectTimeoutMS=10000, readTimeoutMS=0, receiveBufferSize=0, proxySettings=ProxySettings{host=null, port=null, username=null, password=null}}, heartbeatSocketSettings=SocketSettings{connectTimeoutMS=10000, readTimeoutMS=10000, receiveBufferSize=0, proxySettings=ProxySettings{host=null, port=null, username=null, password=null}}, connectionPoolSettings=ConnectionPoolSettings{maxSize=100, minSize=0, maxWaitTimeMS=120000, maxConnectionLifeTimeMS=0, maxConnectionIdleTimeMS=0, maintenanceInitialDelayMS=0, maintenanceFrequencyMS=60000, connectionPoolListeners=[], maxConnecting=2}, serverSettings=ServerSettings{heartbeatFrequencyMS=10000, minHeartbeatFrequencyMS=500, serverListeners='[]', serverMonitorListeners='[]'}, sslSettings=SslSettings{enabled=true, invalidHostNameAllowed=false, context=null}, applicationName='Cluster0', compressorList=[], uuidRepresentation=JAVA_LEGACY, serverApi=null, autoEncryptionSettings=null, dnsClient=null, inetAddressResolver=null, contextProvider=null} 
25-08-10 15:19:51.062 [cluster-ClusterId{value='68986b3e66964a4a7686c51e', description='Cluster0'}-srv-cluster0.nvxkqxr.mongodb.net] INFO  org.mongodb.driver.cluster - Adding discovered server ac-jumkbas-shard-00-00.nvxkqxr.mongodb.net:27017 to client view of cluster 
25-08-10 15:19:51.086 [cluster-ClusterId{value='68986b3e66964a4a7686c51e', description='Cluster0'}-srv-cluster0.nvxkqxr.mongodb.net] INFO  org.mongodb.driver.cluster - Adding discovered server ac-jumkbas-shard-00-02.nvxkqxr.mongodb.net:27017 to client view of cluster 
25-08-10 15:19:51.090 [cluster-ClusterId{value='68986b3e66964a4a7686c51e', description='Cluster0'}-srv-cluster0.nvxkqxr.mongodb.net] INFO  org.mongodb.driver.cluster - Adding discovered server ac-jumkbas-shard-00-01.nvxkqxr.mongodb.net:27017 to client view of cluster 
25-08-10 15:19:51.172 [main] INFO  org.mongodb.driver.cluster - Waiting for server to become available for operation with ID 1. Remaining time: 30000 ms. Selector: WritableServerSelector, topology description: {type=REPLICA_SET, servers=[{address=ac-jumkbas-shard-00-02.nvxkqxr.mongodb.net:27017, type=UNKNOWN, state=CONNECTING}, {address=ac-jumkbas-shard-00-00.nvxkqxr.mongodb.net:27017, type=UNKNOWN, state=CONNECTING}, {address=ac-jumkbas-shard-00-01.nvxkqxr.mongodb.net:27017, type=UNKNOWN, state=CONNECTING}]. 
25-08-10 15:19:51.569 [cluster-ClusterId{value='68986b3e66964a4a7686c51e', description='Cluster0'}-ac-jumkbas-shard-00-01.nvxkqxr.mongodb.net:27017] INFO  org.mongodb.driver.cluster - Monitor thread successfully connected to server with description ServerDescription{address=ac-jumkbas-shard-00-01.nvxkqxr.mongodb.net:27017, type=REPLICA_SET_PRIMARY, state=CONNECTED, ok=true, minWireVersion=0, maxWireVersion=25, maxDocumentSize=16777216, logicalSessionTimeoutMinutes=30, roundTripTimeNanos=306386480, setName='atlas-pf2zu3-shard-0', canonicalAddress=ac-jumkbas-shard-00-01.nvxkqxr.mongodb.net:27017, hosts=[ac-jumkbas-shard-00-02.nvxkqxr.mongodb.net:27017, ac-jumkbas-shard-00-01.nvxkqxr.mongodb.net:27017, ac-jumkbas-shard-00-00.nvxkqxr.mongodb.net:27017], passives=[], arbiters=[], primary='ac-jumkbas-shard-00-01.nvxkqxr.mongodb.net:27017', tagSet=TagSet{[Tag{name='availabilityZone', value='aps1-az3'}, Tag{name='diskState', value='READY'}, Tag{name='nodeType', value='ELECTABLE'}, Tag{name='provider', value='AWS'}, Tag{name='region', value='AP_SOUTH_1'}, Tag{name='workloadType', value='OPERATIONAL'}]}, electionId=7fffffff00000000000000ea, setVersion=247, topologyVersion=TopologyVersion{processId=68955cdc891a680bffc2eea1, counter=6}, lastWriteDate=Sun Aug 10 15:19:51 IST 2025, lastUpdateTimeNanos=16988791944872} 
25-08-10 15:19:51.571 [cluster-ClusterId{value='68986b3e66964a4a7686c51e', description='Cluster0'}-ac-jumkbas-shard-00-01.nvxkqxr.mongodb.net:27017] INFO  org.mongodb.driver.cluster - Discovered replica set primary ac-jumkbas-shard-00-01.nvxkqxr.mongodb.net:27017 with max election id 7fffffff00000000000000ea and max set version 247 
25-08-10 15:19:52.366 [main] INFO  o.s.s.c.a.a.c.InitializeUserDetailsBeanManagerConfigurer$InitializeUserDetailsManagerConfigurer - Global AuthenticationManager configured with UserDetailsService bean with name userDetailsServiceImpl 
25-08-10 15:19:52.484 [cluster-ClusterId{value='68986b3e66964a4a7686c51e', description='Cluster0'}-ac-jumkbas-shard-00-00.nvxkqxr.mongodb.net:27017] INFO  org.mongodb.driver.cluster - Monitor thread successfully connected to server with description ServerDescription{address=ac-jumkbas-shard-00-00.nvxkqxr.mongodb.net:27017, type=REPLICA_SET_SECONDARY, state=CONNECTED, ok=true, minWireVersion=0, maxWireVersion=25, maxDocumentSize=16777216, logicalSessionTimeoutMinutes=30, roundTripTimeNanos=152228240, setName='atlas-pf2zu3-shard-0', canonicalAddress=ac-jumkbas-shard-00-00.nvxkqxr.mongodb.net:27017, hosts=[ac-jumkbas-shard-00-02.nvxkqxr.mongodb.net:27017, ac-jumkbas-shard-00-01.nvxkqxr.mongodb.net:27017, ac-jumkbas-shard-00-00.nvxkqxr.mongodb.net:27017], passives=[], arbiters=[], primary='ac-jumkbas-shard-00-01.nvxkqxr.mongodb.net:27017', tagSet=TagSet{[Tag{name='availabilityZone', value='aps1-az1'}, Tag{name='diskState', value='READY'}, Tag{name='nodeType', value='ELECTABLE'}, Tag{name='provider', value='AWS'}, Tag{name='region', value='AP_SOUTH_1'}, Tag{name='workloadType', value='OPERATIONAL'}]}, electionId=null, setVersion=247, topologyVersion=TopologyVersion{processId=68955decb71f7fc8b80b87a2, counter=4}, lastWriteDate=Sun Aug 10 15:19:52 IST 2025, lastUpdateTimeNanos=16989707369481} 
25-08-10 15:19:52.484 [cluster-ClusterId{value='68986b3e66964a4a7686c51e', description='Cluster0'}-ac-jumkbas-shard-00-02.nvxkqxr.mongodb.net:27017] INFO  org.mongodb.driver.cluster - Monitor thread successfully connected to server with description ServerDescription{address=ac-jumkbas-shard-00-02.nvxkqxr.mongodb.net:27017, type=REPLICA_SET_SECONDARY, state=CONNECTED, ok=true, minWireVersion=0, maxWireVersion=25, maxDocumentSize=16777216, logicalSessionTimeoutMinutes=30, roundTripTimeNanos=203114953, setName='atlas-pf2zu3-shard-0', canonicalAddress=ac-jumkbas-shard-00-02.nvxkqxr.mongodb.net:27017, hosts=[ac-jumkbas-shard-00-02.nvxkqxr.mongodb.net:27017, ac-jumkbas-shard-00-01.nvxkqxr.mongodb.net:27017, ac-jumkbas-shard-00-00.nvxkqxr.mongodb.net:27017], passives=[], arbiters=[], primary='ac-jumkbas-shard-00-01.nvxkqxr.mongodb.net:27017', tagSet=TagSet{[Tag{name='availabilityZone', value='aps1-az2'}, Tag{name='diskState', value='READY'}, Tag{name='nodeType', value='ELECTABLE'}, Tag{name='provider', value='AWS'}, Tag{name='region', value='AP_SOUTH_1'}, Tag{name='workloadType', value='OPERATIONAL'}]}, electionId=null, setVersion=247, topologyVersion=TopologyVersion{processId=68955f1b9dcecfda53bf56ad, counter=3}, lastWriteDate=Sun Aug 10 15:19:52 IST 2025, lastUpdateTimeNanos=16989707528240} 
25-08-10 15:19:53.005 [main] INFO  o.a.coyote.http11.Http11NioProtocol - Starting ProtocolHandler ["http-nio-8080"] 
25-08-10 15:19:53.013 [main] INFO  o.s.b.w.e.tomcat.TomcatWebServer - Tomcat started on port 8080 (http) with context path '/' 
25-08-10 15:19:53.037 [main] INFO  o.a.k.c.consumer.ConsumerConfig - ConsumerConfig values: 
	allow.auto.create.topics = true
	auto.commit.interval.ms = 5000
	auto.include.jmx.reporter = true
	auto.offset.reset = earliest
	bootstrap.servers = [localhost:9092]
	check.crcs = true
	client.dns.lookup = use_all_dns_ips
	client.id = consumer-my-group-1
	client.rack = 
	connections.max.idle.ms = 540000
	default.api.timeout.ms = 60000
	enable.auto.commit = false
	enable.metrics.push = true
	exclude.internal.topics = true
	fetch.max.bytes = 52428800
	fetch.max.wait.ms = 500
	fetch.min.bytes = 1
	group.id = my-group
	group.instance.id = null
	group.protocol = classic
	group.remote.assignor = null
	heartbeat.interval.ms = 3000
	interceptor.classes = []
	internal.leave.group.on.close = true
	internal.throw.on.fetch.stable.offset.unsupported = false
	isolation.level = read_uncommitted
	key.deserializer = class org.apache.kafka.common.serialization.StringDeserializer
	max.partition.fetch.bytes = 1048576
	max.poll.interval.ms = 300000
	max.poll.records = 500
	metadata.max.age.ms = 300000
	metric.reporters = []
	metrics.num.samples = 2
	metrics.recording.level = INFO
	metrics.sample.window.ms = 30000
	partition.assignment.strategy = [class org.apache.kafka.clients.consumer.RangeAssignor, class org.apache.kafka.clients.consumer.CooperativeStickyAssignor]
	receive.buffer.bytes = 65536
	reconnect.backoff.max.ms = 1000
	reconnect.backoff.ms = 50
	request.timeout.ms = 30000
	retry.backoff.max.ms = 1000
	retry.backoff.ms = 100
	sasl.client.callback.handler.class = null
	sasl.jaas.config = [hidden]
	sasl.kerberos.kinit.cmd = /usr/bin/kinit
	sasl.kerberos.min.time.before.relogin = 60000
	sasl.kerberos.service.name = null
	sasl.kerberos.ticket.renew.jitter = 0.05
	sasl.kerberos.ticket.renew.window.factor = 0.8
	sasl.login.callback.handler.class = null
	sasl.login.class = null
	sasl.login.connect.timeout.ms = null
	sasl.login.read.timeout.ms = null
	sasl.login.refresh.buffer.seconds = 300
	sasl.login.refresh.min.period.seconds = 60
	sasl.login.refresh.window.factor = 0.8
	sasl.login.refresh.window.jitter = 0.05
	sasl.login.retry.backoff.max.ms = 10000
	sasl.login.retry.backoff.ms = 100
	sasl.mechanism = PLAIN
	sasl.oauthbearer.clock.skew.seconds = 30
	sasl.oauthbearer.expected.audience = null
	sasl.oauthbearer.expected.issuer = null
	sasl.oauthbearer.jwks.endpoint.refresh.ms = 3600000
	sasl.oauthbearer.jwks.endpoint.retry.backoff.max.ms = 10000
	sasl.oauthbearer.jwks.endpoint.retry.backoff.ms = 100
	sasl.oauthbearer.jwks.endpoint.url = null
	sasl.oauthbearer.scope.claim.name = scope
	sasl.oauthbearer.sub.claim.name = sub
	sasl.oauthbearer.token.endpoint.url = null
	security.protocol = PLAINTEXT
	security.providers = null
	send.buffer.bytes = 131072
	session.timeout.ms = 45000
	socket.connection.setup.timeout.max.ms = 30000
	socket.connection.setup.timeout.ms = 10000
	ssl.cipher.suites = null
	ssl.enabled.protocols = [TLSv1.2, TLSv1.3]
	ssl.endpoint.identification.algorithm = https
	ssl.engine.factory.class = null
	ssl.key.password = null
	ssl.keymanager.algorithm = SunX509
	ssl.keystore.certificate.chain = null
	ssl.keystore.key = null
	ssl.keystore.location = null
	ssl.keystore.password = null
	ssl.keystore.type = JKS
	ssl.protocol = TLSv1.3
	ssl.provider = null
	ssl.secure.random.implementation = null
	ssl.trustmanager.algorithm = PKIX
	ssl.truststore.certificates = null
	ssl.truststore.location = null
	ssl.truststore.password = null
	ssl.truststore.type = JKS
	value.deserializer = class org.springframework.kafka.support.serializer.JsonDeserializer
 
25-08-10 15:19:53.067 [main] INFO  o.a.k.c.t.i.KafkaMetricsCollector - initializing Kafka metrics collector 
25-08-10 15:19:53.151 [main] INFO  o.a.k.c.consumer.ConsumerConfig - These configurations '[sasl.jaas.config]' were supplied but are not used yet. 
25-08-10 15:19:53.153 [main] INFO  o.a.kafka.common.utils.AppInfoParser - Kafka version: 3.7.2 
25-08-10 15:19:53.154 [main] INFO  o.a.kafka.common.utils.AppInfoParser - Kafka commitId: 79a8f2b5f44f9d5a 
25-08-10 15:19:53.154 [main] INFO  o.a.kafka.common.utils.AppInfoParser - Kafka startTimeMs: 1754819393152 
25-08-10 15:19:53.156 [main] INFO  o.a.k.c.c.i.LegacyKafkaConsumer - [Consumer clientId=consumer-my-group-1, groupId=my-group] Subscribed to topic(s): my-topic 
25-08-10 15:19:53.171 [main] INFO  c.h.journalApp.JournalAppApplication - Started JournalAppApplication in 4.126 seconds (process running for 4.606) 
25-08-10 15:19:53.371 [org.springframework.kafka.KafkaListenerEndpointContainer#0-0-C-1] INFO  org.apache.kafka.clients.Metadata - [Consumer clientId=consumer-my-group-1, groupId=my-group] Cluster ID: WcfbxkatRp2DqWIy5h0bQg 
25-08-10 15:19:53.371 [org.springframework.kafka.KafkaListenerEndpointContainer#0-0-C-1] INFO  o.a.k.c.c.i.ConsumerCoordinator - [Consumer clientId=consumer-my-group-1, groupId=my-group] Discovered group coordinator fedora:9092 (id: 2147483647 rack: null) 
25-08-10 15:19:53.373 [org.springframework.kafka.KafkaListenerEndpointContainer#0-0-C-1] INFO  o.a.k.c.c.i.ConsumerCoordinator - [Consumer clientId=consumer-my-group-1, groupId=my-group] (Re-)joining group 
25-08-10 15:19:53.382 [org.springframework.kafka.KafkaListenerEndpointContainer#0-0-C-1] INFO  o.a.k.c.c.i.ConsumerCoordinator - [Consumer clientId=consumer-my-group-1, groupId=my-group] Request joining group due to: need to re-join with the given member-id: consumer-my-group-1-e3afa473-2328-443f-bca2-98236c8e2ece 
25-08-10 15:19:53.383 [org.springframework.kafka.KafkaListenerEndpointContainer#0-0-C-1] INFO  o.a.k.c.c.i.ConsumerCoordinator - [Consumer clientId=consumer-my-group-1, groupId=my-group] (Re-)joining group 
25-08-10 15:19:53.384 [org.springframework.kafka.KafkaListenerEndpointContainer#0-0-C-1] INFO  o.a.k.c.c.i.ConsumerCoordinator - [Consumer clientId=consumer-my-group-1, groupId=my-group] Successfully joined group with generation Generation{generationId=35, memberId='consumer-my-group-1-e3afa473-2328-443f-bca2-98236c8e2ece', protocol='range'} 
25-08-10 15:19:53.389 [org.springframework.kafka.KafkaListenerEndpointContainer#0-0-C-1] INFO  o.a.k.c.c.i.ConsumerCoordinator - [Consumer clientId=consumer-my-group-1, groupId=my-group] Finished assignment for group at generation 35: {consumer-my-group-1-e3afa473-2328-443f-bca2-98236c8e2ece=Assignment(partitions=[my-topic-0])} 
25-08-10 15:19:53.392 [org.springframework.kafka.KafkaListenerEndpointContainer#0-0-C-1] INFO  o.a.k.c.c.i.ConsumerCoordinator - [Consumer clientId=consumer-my-group-1, groupId=my-group] Successfully synced group in generation Generation{generationId=35, memberId='consumer-my-group-1-e3afa473-2328-443f-bca2-98236c8e2ece', protocol='range'} 
25-08-10 15:19:53.393 [org.springframework.kafka.KafkaListenerEndpointContainer#0-0-C-1] INFO  o.a.k.c.c.i.ConsumerCoordinator - [Consumer clientId=consumer-my-group-1, groupId=my-group] Notifying assignor about the new Assignment(partitions=[my-topic-0]) 
25-08-10 15:19:53.394 [org.springframework.kafka.KafkaListenerEndpointContainer#0-0-C-1] INFO  o.a.k.c.c.i.ConsumerRebalanceListenerInvoker - [Consumer clientId=consumer-my-group-1, groupId=my-group] Adding newly assigned partitions: my-topic-0 
25-08-10 15:19:53.399 [org.springframework.kafka.KafkaListenerEndpointContainer#0-0-C-1] INFO  o.a.k.c.c.internals.ConsumerUtils - Setting offset for partition my-topic-0 to the committed offset FetchPosition{offset=10, offsetEpoch=Optional.empty, currentLeader=LeaderAndEpoch{leader=Optional[fedora:9092 (id: 0 rack: null)], epoch=0}} 
25-08-10 15:19:53.400 [org.springframework.kafka.KafkaListenerEndpointContainer#0-0-C-1] INFO  o.s.k.l.KafkaMessageListenerContainer - my-group: partitions assigned: [my-topic-0] 
